2023.05.10 16:15:39 INFO  Started: Metals version 0.11.12 in workspace 'D:\Projets\Programming\sidonie.me' for client Visual Studio Code 1.78.0.
May 10, 2023 4:15:39 PM org.flywaydb.core.internal.license.VersionPrinter printVersionOnly
INFO: Flyway Community Edition 9.16.3 by Redgate
May 10, 2023 4:15:39 PM org.flywaydb.core.internal.license.VersionPrinter printVersion
INFO: See release notes here: https://rd.gt/416ObMi
May 10, 2023 4:15:39 PM org.flywaydb.core.internal.license.VersionPrinter printVersion
INFO: 
May 10, 2023 4:15:40 PM org.flywaydb.core.internal.database.base.BaseDatabaseType createDatabase
INFO: Database: jdbc:h2:file:D:\Projets\Programming\sidonie.me\.metals\metals (H2 2.1)
May 10, 2023 4:15:40 PM org.flywaydb.core.internal.schemahistory.JdbcTableSchemaHistory allAppliedMigrations
INFO: Schema history table "PUBLIC"."flyway_schema_history" does not exist yet
May 10, 2023 4:15:40 PM org.flywaydb.core.internal.command.DbValidate validate
INFO: Successfully validated 4 migrations (execution time 00:00.020s)
May 10, 2023 4:15:40 PM org.flywaydb.core.internal.schemahistory.JdbcTableSchemaHistory create
INFO: Creating Schema History table "PUBLIC"."flyway_schema_history" ...
May 10, 2023 4:15:40 PM org.flywaydb.core.internal.command.DbMigrate migrateGroup
INFO: Current version of schema "PUBLIC": << Empty Schema >>
May 10, 2023 4:15:40 PM org.flywaydb.core.internal.command.DbMigrate doMigrateGroup
INFO: Migrating schema "PUBLIC" to version "1 - Create tables"
May 10, 2023 4:15:40 PM org.flywaydb.core.internal.command.DbMigrate doMigrateGroup
INFO: Migrating schema "PUBLIC" to version "2 - Server discovery"
May 10, 2023 4:15:40 PM org.flywaydb.core.internal.command.DbMigrate doMigrateGroup
INFO: Migrating schema "PUBLIC" to version "3 - Jar symbols"
May 10, 2023 4:15:40 PM org.flywaydb.core.internal.command.DbMigrate doMigrateGroup
INFO: Migrating schema "PUBLIC" to version "4 - Fingerprints"
May 10, 2023 4:15:40 PM org.flywaydb.core.internal.command.DbMigrate logSummary
INFO: Successfully applied 4 migrations to schema "PUBLIC", now at version v4 (execution time 00:00.066s)
2023.05.10 16:15:40 INFO  time: initialize in 0.86s
2023.05.10 16:15:40 WARN  Build server is not auto-connectable.
2023.05.10 16:15:40 WARN  no build tool detected in workspace 'D:\Projets\Programming\sidonie.me'. The most common cause for this problem is that the editor was opened in the wrong working directory, for example if you use sbt then the workspace directory should contain build.sbt. 
2023.05.10 21:03:43 WARN  no build target for: D:\Admin\Stages & Jobs\Assistanat Software Construction\Entretien.scala
2023.05.10 21:03:43 WARN  no build target for: D:\Admin\Stages & Jobs\Assistanat Software Construction\Entretien.scala
2023.05.10 21:03:47 INFO  no build target found for D:\Admin\Stages & Jobs\Assistanat Software Construction\Entretien.scala. Using presentation compiler with project's scala-library version: 3.2.2
2023.05.10 21:03:47 WARN  no build target for: D:\Admin\Stages & Jobs\Assistanat Software Construction\Entretien.scala
2023.05.10 21:03:49 INFO  Shutting down server
2023.05.10 21:03:49 INFO  shutting down Metals
May 10, 2023 9:03:49 PM org.flywaydb.core.internal.database.base.BaseDatabaseType createDatabase
INFO: Database: jdbc:h2:file:D:\Projets\Programming\sidonie.me\.metals\metals (H2 2.1)
May 10, 2023 9:03:49 PM org.flywaydb.core.internal.command.DbValidate validate
INFO: Successfully validated 4 migrations (execution time 00:00.003s)
May 10, 2023 9:03:49 PM org.flywaydb.core.internal.command.DbMigrate migrateGroup
INFO: Current version of schema "PUBLIC": 4
May 10, 2023 9:03:49 PM org.flywaydb.core.internal.command.DbMigrate logSummary
INFO: Schema "PUBLIC" is up to date. No migration necessary.
2023.05.10 21:03:49 INFO  Exiting server
